<?xml version="1.0" encoding="utf-8"?><testsuites name="pytest tests"><testsuite name="pytest" errors="0" failures="0" skipped="0" tests="4" time="214.441" timestamp="2025-06-19T13:28:44.171327-04:00" hostname="DESKTOP-4KA53UB"><testcase classname="tests.model.test_model.TestModel" name="test_model_fit" time="42.513" /><testcase classname="tests.model.test_model.TestModel" name="test_model_predict" time="84.763" /><testcase classname="tests.model.test_model.TestModel" name="test_model_preprocess_for_serving" time="42.170" /><testcase classname="tests.model.test_model.TestModel" name="test_model_preprocess_for_training" time="42.221" /></testsuite></testsuites>